#
# There is insufficient memory for the Java Runtime Environment to continue.
# Native memory allocation (mmap) failed to map 2147483648 bytes for committing reserved memory.
# Possible reasons:
#   The system is out of physical RAM or swap space
#   The process is running with CompressedOops enabled, and the Java Heap may be blocking the growth of the native heap
# Possible solutions:
#   Reduce memory load on the system
#   Increase physical memory or swap space
#   Check if swap backing store is full
#   Decrease Java heap size (-Xmx/-Xms)
#   Decrease number of Java threads
#   Decrease Java thread stack sizes (-Xss)
#   Set larger code cache with -XX:ReservedCodeCacheSize=
# This output file may be truncated or incomplete.
#
#  Out of Memory Error (os_linux.cpp:3123), pid=84271, tid=84272
#
# JRE version:  (11.0.19+7) (build )
# Java VM: OpenJDK 64-Bit Server VM (11.0.19+7-post-Ubuntu-0ubuntu118.04.1, mixed mode, sharing, tiered, compressed oops, g1 gc, linux-amd64)
# Core dump will be written. Default location: Core dumps may be processed with "/usr/share/apport/apport -p%p -s%s -c%c -d%d -P%P -u%u -g%g -- %E" (or dumping to /data/datasets/hexing/2022_ec_standardization/neo4j/neo4j-community-4.4.8/bin/core.84271)
#

---------------  S U M M A R Y ------------

Command Line: -XX:+UseG1GC -XX:-OmitStackTraceInFastThrow -XX:+AlwaysPreTouch -XX:+UnlockExperimentalVMOptions -XX:+TrustFinalNonStaticFields -XX:+DisableExplicitGC -XX:MaxInlineLevel=15 -XX:-UseBiasedLocking -Djdk.nio.maxCachedBufferSize=262144 -Dio.netty.tryReflectionSetAccessible=true -Djdk.tls.ephemeralDHKeySize=2048 -Djdk.tls.rejectClientInitiatedRenegotiation=true -XX:FlightRecorderOptions=stackdepth=256 -XX:+UnlockDiagnosticVMOptions -XX:+DebugNonSafepoints -Dlog4j2.disable.jmx=true -Dfile.encoding=UTF-8 org.neo4j.server.CommunityEntryPoint --home-dir=/data/datasets/hexing/2022_ec_standardization/neo4j/neo4j-community-4.4.8 --config-dir=/data/datasets/hexing/2022_ec_standardization/neo4j/neo4j-community-4.4.8/conf

Host: Intel(R) Xeon(R) Gold 6248R CPU @ 3.00GHz, 96 cores, 1007G, Ubuntu 18.04.6 LTS
Time: Fri Jan  5 22:22:07 2024 EST elapsed time: 0.068369 seconds (0d 0h 0m 0s)

---------------  T H R E A D  ---------------

Current thread (0x00007f446c01bf40):  JavaThread "Unknown thread" [_thread_in_vm, id=84272, stack(0x00007f4472d3c000,0x00007f4472e3d000)]

Stack: [0x00007f4472d3c000,0x00007f4472e3d000],  sp=0x00007f4472e3b210,  free space=1020k
Native frames: (J=compiled Java code, A=aot compiled Java code, j=interpreted, Vv=VM code, C=native code)
V  [libjvm.so+0xe346d6]  VMError::report_and_die(int, char const*, char const*, __va_list_tag*, Thread*, unsigned char*, void*, void*, char const*, int, unsigned long)+0x196
V  [libjvm.so+0xe3564b]  VMError::report_and_die(Thread*, char const*, int, unsigned long, VMErrorType, char const*, __va_list_tag*)+0x2b
V  [libjvm.so+0x65aa05]  report_vm_out_of_memory(char const*, int, unsigned long, VMErrorType, char const*, ...)+0xc5
V  [libjvm.so+0xb8f1c8]  os::pd_commit_memory_or_exit(char*, unsigned long, unsigned long, bool, char const*)+0xd8
V  [libjvm.so+0xb87f9d]  os::commit_memory_or_exit(char*, unsigned long, unsigned long, bool, char const*)+0x1d
V  [libjvm.so+0x777cff]  G1PageBasedVirtualSpace::commit_preferred_pages(unsigned long, unsigned long)+0x5f
V  [libjvm.so+0x7780ae]  G1PageBasedVirtualSpace::commit(unsigned long, unsigned long)+0x19e
V  [libjvm.so+0x781706]  G1RegionsLargerThanCommitSizeMapper::commit_regions(unsigned int, unsigned long, WorkGang*)+0x46
V  [libjvm.so+0x7fcc74]  HeapRegionManager::commit_regions(unsigned int, unsigned long, WorkGang*)+0x54
V  [libjvm.so+0x7fd880]  HeapRegionManager::make_regions_available(unsigned int, unsigned int, WorkGang*)+0x30
V  [libjvm.so+0x7fdc97]  HeapRegionManager::expand_at(unsigned int, unsigned int, WorkGang*) [clone .part.25]+0xf7
V  [libjvm.so+0x735670]  G1CollectedHeap::expand(unsigned long, WorkGang*, double*)+0xe0
V  [libjvm.so+0x735d71]  G1CollectedHeap::initialize()+0x681
V  [libjvm.so+0xdf8062]  Universe::initialize_heap()+0x32
V  [libjvm.so+0xdf8326]  universe_init()+0x46
V  [libjvm.so+0x81cb47]  init_globals()+0x57
V  [libjvm.so+0xdd1c3a]  Threads::create_vm(JavaVMInitArgs*, bool*)+0x2ea
V  [libjvm.so+0x8c5c81]  JNI_CreateJavaVM+0x51
C  [libjli.so+0x3a88]  JavaMain+0x88
C  [libjli.so+0x87e9]  ThreadJavaMain+0x9


---------------  P R O C E S S  ---------------

Threads class SMR info:
_java_thread_list=0x0000558354352430, length=0, elements={
}

Java Threads: ( => current thread )

Other Threads:
  0x00007f446c0384f0 GCTaskThread "GC Thread#0" [stack: 0x00007f445349a000,0x00007f445359a000] [id=84273]
  0x00007f446c0ab450 ConcurrentGCThread "G1 Main Marker" [stack: 0x00007f4403309000,0x00007f4403409000] [id=84274]
  0x00007f446c0aca70 ConcurrentGCThread "G1 Conc#0" [stack: 0x00007f4403207000,0x00007f4403307000] [id=84275]

[error occurred during error reporting (printing all threads), id 0xb, SIGSEGV (0xb) at pc=0x00007f44712ec1b0]

VM state:not at safepoint (not fully initialized)

VM Mutex/Monitor currently owned by a thread:  ([mutex/lock_event])
[0x00007f446c018bd0] Heap_lock - owner thread: 0x00007f446c01bf40

Heap address: 0x0000000082000000, size: 30688 MB, Compressed Oops mode: Non-zero based: 0x0000000082000000
Narrow klass base: 0x0000000000000000, Narrow klass shift: 0

GC Heap History (0 events):
No events

Deoptimization events (0 events):
No events

Classes redefined (0 events):
No events

Internal exceptions (0 events):
No events

Events (2 events):
Event: 0.009 Protecting memory [0x00007f4472d3c000,0x00007f4472d40000] with protection modes 0
Event: 0.010 Loaded shared library /usr/lib/jvm/java-11-openjdk-amd64/lib/libzip.so


Dynamic libraries:
102000000-800000000 ---p 00000000 00:00 0 
5583521b5000-5583521b6000 r-xp 00000000 09:02 24776384                   /usr/lib/jvm/java-11-openjdk-amd64/bin/java
5583523b6000-5583523b7000 r--p 00001000 09:02 24776384                   /usr/lib/jvm/java-11-openjdk-amd64/bin/java
5583523b7000-5583523b8000 rw-p 00002000 09:02 24776384                   /usr/lib/jvm/java-11-openjdk-amd64/bin/java
55835433a000-55835437b000 rw-p 00000000 00:00 0                          [heap]
7f43f4000000-7f43f4021000 rw-p 00000000 00:00 0 
7f43f4021000-7f43f8000000 ---p 00000000 00:00 0 
7f43f8e12000-7f43fc000000 rw-p 00000000 00:00 0 
7f43fc000000-7f43fc021000 rw-p 00000000 00:00 0 
7f43fc021000-7f4400000000 ---p 00000000 00:00 0 
7f44000f4000-7f4403205000 rw-p 00000000 00:00 0 
7f4403205000-7f4403206000 ---p 00000000 00:00 0 
7f4403206000-7f4403307000 rw-p 00000000 00:00 0 
7f4403307000-7f4403308000 ---p 00000000 00:00 0 
7f4403308000-7f4404135000 rw-p 00000000 00:00 0 
7f4404135000-7f444b405000 ---p 00000000 00:00 0 
7f444b405000-7f444c000000 rw-p 00000000 00:00 0 
7f444c000000-7f444c021000 rw-p 00000000 00:00 0 
7f444c021000-7f4450000000 ---p 00000000 00:00 0 
7f4450064000-7f4453498000 rw-p 00000000 00:00 0 
7f4453498000-7f4453499000 ---p 00000000 00:00 0 
7f4453499000-7f445359f000 rw-p 00000000 00:00 0 
7f445359f000-7f4453682000 ---p 00000000 00:00 0 
7f4453682000-7f4453687000 rw-p 00000000 00:00 0 
7f4453687000-7f445376a000 ---p 00000000 00:00 0 
7f445376a000-7f44539da000 rwxp 00000000 00:00 0 
7f44539da000-7f4453fc8000 ---p 00000000 00:00 0 
7f4453fc8000-7f4454238000 rwxp 00000000 00:00 0 
7f4454238000-7f445b399000 ---p 00000000 00:00 0 
7f445b399000-7f445b609000 rwxp 00000000 00:00 0 
7f445b609000-7f446276a000 ---p 00000000 00:00 0 
7f446276a000-7f446af75000 r--s 00000000 09:02 24943435                   /usr/lib/jvm/java-11-openjdk-amd64/lib/modules
7f446af75000-7f446af7c000 r-xp 00000000 09:02 24943434                   /usr/lib/jvm/java-11-openjdk-amd64/lib/libzip.so
7f446af7c000-7f446b17c000 ---p 00007000 09:02 24943434                   /usr/lib/jvm/java-11-openjdk-amd64/lib/libzip.so
7f446b17c000-7f446b17d000 r--p 00007000 09:02 24943434                   /usr/lib/jvm/java-11-openjdk-amd64/lib/libzip.so
7f446b17d000-7f446b17e000 rw-p 00008000 09:02 24943434                   /usr/lib/jvm/java-11-openjdk-amd64/lib/libzip.so
7f446b17e000-7f446b189000 r-xp 00000000 09:02 28337076                   /lib/x86_64-linux-gnu/libnss_files-2.27.so
7f446b189000-7f446b388000 ---p 0000b000 09:02 28337076                   /lib/x86_64-linux-gnu/libnss_files-2.27.so
7f446b388000-7f446b389000 r--p 0000a000 09:02 28337076                   /lib/x86_64-linux-gnu/libnss_files-2.27.so
7f446b389000-7f446b38a000 rw-p 0000b000 09:02 28337076                   /lib/x86_64-linux-gnu/libnss_files-2.27.so
7f446b38a000-7f446b390000 rw-p 00000000 00:00 0 
7f446b390000-7f446b3a7000 r-xp 00000000 09:02 28337073                   /lib/x86_64-linux-gnu/libnsl-2.27.so
7f446b3a7000-7f446b5a6000 ---p 00017000 09:02 28337073                   /lib/x86_64-linux-gnu/libnsl-2.27.so
7f446b5a6000-7f446b5a7000 r--p 00016000 09:02 28337073                   /lib/x86_64-linux-gnu/libnsl-2.27.so
7f446b5a7000-7f446b5a8000 rw-p 00017000 09:02 28337073                   /lib/x86_64-linux-gnu/libnsl-2.27.so
7f446b5a8000-7f446b5aa000 rw-p 00000000 00:00 0 
7f446b5aa000-7f446b5b5000 r-xp 00000000 09:02 28337078                   /lib/x86_64-linux-gnu/libnss_nis-2.27.so
7f446b5b5000-7f446b7b4000 ---p 0000b000 09:02 28337078                   /lib/x86_64-linux-gnu/libnss_nis-2.27.so
7f446b7b4000-7f446b7b5000 r--p 0000a000 09:02 28337078                   /lib/x86_64-linux-gnu/libnss_nis-2.27.so
7f446b7b5000-7f446b7b6000 rw-p 0000b000 09:02 28337078                   /lib/x86_64-linux-gnu/libnss_nis-2.27.so
7f446b7b6000-7f446b7be000 r-xp 00000000 09:02 28337074                   /lib/x86_64-linux-gnu/libnss_compat-2.27.so
7f446b7be000-7f446b9be000 ---p 00008000 09:02 28337074                   /lib/x86_64-linux-gnu/libnss_compat-2.27.so
7f446b9be000-7f446b9bf000 r--p 00008000 09:02 28337074                   /lib/x86_64-linux-gnu/libnss_compat-2.27.so
7f446b9bf000-7f446b9c0000 rw-p 00009000 09:02 28337074                   /lib/x86_64-linux-gnu/libnss_compat-2.27.so
7f446b9c0000-7f446b9c5000 r-xp 00000000 09:02 24943417                   /usr/lib/jvm/java-11-openjdk-amd64/lib/libjimage.so
7f446b9c5000-7f446bbc4000 ---p 00005000 09:02 24943417                   /usr/lib/jvm/java-11-openjdk-amd64/lib/libjimage.so
7f446bbc4000-7f446bbc5000 r--p 00004000 09:02 24943417                   /usr/lib/jvm/java-11-openjdk-amd64/lib/libjimage.so
7f446bbc5000-7f446bbc6000 rw-p 00005000 09:02 24943417                   /usr/lib/jvm/java-11-openjdk-amd64/lib/libjimage.so
7f446bbc6000-7f446bbef000 r-xp 00000000 09:02 24943414                   /usr/lib/jvm/java-11-openjdk-amd64/lib/libjava.so
7f446bbef000-7f446bdee000 ---p 00029000 09:02 24943414                   /usr/lib/jvm/java-11-openjdk-amd64/lib/libjava.so
7f446bdee000-7f446bdef000 r--p 00028000 09:02 24943414                   /usr/lib/jvm/java-11-openjdk-amd64/lib/libjava.so
7f446bdef000-7f446bdf0000 rw-p 00029000 09:02 24943414                   /usr/lib/jvm/java-11-openjdk-amd64/lib/libjava.so
7f446bdf0000-7f446bdf1000 rw-p 00000000 00:00 0 
7f446bdf1000-7f446bdfe000 r-xp 00000000 09:02 24943433                   /usr/lib/jvm/java-11-openjdk-amd64/lib/libverify.so
7f446bdfe000-7f446bffd000 ---p 0000d000 09:02 24943433                   /usr/lib/jvm/java-11-openjdk-amd64/lib/libverify.so
7f446bffd000-7f446bfff000 r--p 0000c000 09:02 24943433                   /usr/lib/jvm/java-11-openjdk-amd64/lib/libverify.so
7f446bfff000-7f446c000000 rw-p 0000e000 09:02 24943433                   /usr/lib/jvm/java-11-openjdk-amd64/lib/libverify.so
7f446c000000-7f446c1c0000 rw-p 00000000 00:00 0 
7f446c1c0000-7f4470000000 ---p 00000000 00:00 0 
7f4470056000-7f447005d000 r-xp 00000000 09:02 28337083                   /lib/x86_64-linux-gnu/librt-2.27.so
7f447005d000-7f447025c000 ---p 00007000 09:02 28337083                   /lib/x86_64-linux-gnu/librt-2.27.so
7f447025c000-7f447025d000 r--p 00006000 09:02 28337083                   /lib/x86_64-linux-gnu/librt-2.27.so
7f447025d000-7f447025e000 rw-p 00007000 09:02 28337083                   /lib/x86_64-linux-gnu/librt-2.27.so
7f447025e000-7f4470275000 r-xp 00000000 09:02 28311603                   /lib/x86_64-linux-gnu/libgcc_s.so.1
7f4470275000-7f4470474000 ---p 00017000 09:02 28311603                   /lib/x86_64-linux-gnu/libgcc_s.so.1
7f4470474000-7f4470475000 r--p 00016000 09:02 28311603                   /lib/x86_64-linux-gnu/libgcc_s.so.1
7f4470475000-7f4470476000 rw-p 00017000 09:02 28311603                   /lib/x86_64-linux-gnu/libgcc_s.so.1
7f4470476000-7f4470613000 r-xp 00000000 09:02 28337070                   /lib/x86_64-linux-gnu/libm-2.27.so
7f4470613000-7f4470812000 ---p 0019d000 09:02 28337070                   /lib/x86_64-linux-gnu/libm-2.27.so
7f4470812000-7f4470813000 r--p 0019c000 09:02 28337070                   /lib/x86_64-linux-gnu/libm-2.27.so
7f4470813000-7f4470814000 rw-p 0019d000 09:02 28337070                   /lib/x86_64-linux-gnu/libm-2.27.so
7f4470814000-7f447098d000 r-xp 00000000 09:02 24773221                   /usr/lib/x86_64-linux-gnu/libstdc++.so.6.0.25
7f447098d000-7f4470b8d000 ---p 00179000 09:02 24773221                   /usr/lib/x86_64-linux-gnu/libstdc++.so.6.0.25
7f4470b8d000-7f4470b97000 r--p 00179000 09:02 24773221                   /usr/lib/x86_64-linux-gnu/libstdc++.so.6.0.25
7f4470b97000-7f4470b99000 rw-p 00183000 09:02 24773221                   /usr/lib/x86_64-linux-gnu/libstdc++.so.6.0.25
7f4470b99000-7f4470b9d000 rw-p 00000000 00:00 0 
7f4470b9d000-7f4471ca4000 r-xp 00000000 09:02 25559075                   /usr/lib/jvm/java-11-openjdk-amd64/lib/server/libjvm.so
7f4471ca4000-7f4471ea4000 ---p 01107000 09:02 25559075                   /usr/lib/jvm/java-11-openjdk-amd64/lib/server/libjvm.so
7f4471ea4000-7f4471f68000 r--p 01107000 09:02 25559075                   /usr/lib/jvm/java-11-openjdk-amd64/lib/server/libjvm.so
7f4471f68000-7f4471fa3000 rw-p 011cb000 09:02 25559075                   /usr/lib/jvm/java-11-openjdk-amd64/lib/server/libjvm.so
7f4471fa3000-7f4471ffa000 rw-p 00000000 00:00 0 
7f4471ffa000-7f4472014000 r-xp 00000000 09:02 28337081                   /lib/x86_64-linux-gnu/libpthread-2.27.so
7f4472014000-7f4472213000 ---p 0001a000 09:02 28337081                   /lib/x86_64-linux-gnu/libpthread-2.27.so
7f4472213000-7f4472214000 r--p 00019000 09:02 28337081                   /lib/x86_64-linux-gnu/libpthread-2.27.so
7f4472214000-7f4472215000 rw-p 0001a000 09:02 28337081                   /lib/x86_64-linux-gnu/libpthread-2.27.so
7f4472215000-7f4472219000 rw-p 00000000 00:00 0 
7f4472219000-7f447221c000 r-xp 00000000 09:02 28337069                   /lib/x86_64-linux-gnu/libdl-2.27.so
7f447221c000-7f447241b000 ---p 00003000 09:02 28337069                   /lib/x86_64-linux-gnu/libdl-2.27.so
7f447241b000-7f447241c000 r--p 00002000 09:02 28337069                   /lib/x86_64-linux-gnu/libdl-2.27.so
7f447241c000-7f447241d000 rw-p 00003000 09:02 28337069                   /lib/x86_64-linux-gnu/libdl-2.27.so
7f447241d000-7f4472439000 r-xp 00000000 09:02 28311797                   /lib/x86_64-linux-gnu/libz.so.1.2.11
7f4472439000-7f4472638000 ---p 0001c000 09:02 28311797                   /lib/x86_64-linux-gnu/libz.so.1.2.11
7f4472638000-7f4472639000 r--p 0001b000 09:02 28311797                   /lib/x86_64-linux-gnu/libz.so.1.2.11
7f4472639000-7f447263a000 rw-p 0001c000 09:02 28311797                   /lib/x86_64-linux-gnu/libz.so.1.2.11
7f447263a000-7f4472821000 r-xp 00000000 09:02 28337066                   /lib/x86_64-linux-gnu/libc-2.27.so
7f4472821000-7f4472a21000 ---p 001e7000 09:02 28337066                   /lib/x86_64-linux-gnu/libc-2.27.so
7f4472a21000-7f4472a25000 r--p 001e7000 09:02 28337066                   /lib/x86_64-linux-gnu/libc-2.27.so
7f4472a25000-7f4472a27000 rw-p 001eb000 09:02 28337066                   /lib/x86_64-linux-gnu/libc-2.27.so
7f4472a27000-7f4472a2b000 rw-p 00000000 00:00 0 
7f4472a2b000-7f4472a3a000 r-xp 00000000 09:02 25559047                   /usr/lib/jvm/java-11-openjdk-amd64/lib/jli/libjli.so
7f4472a3a000-7f4472c39000 ---p 0000f000 09:02 25559047                   /usr/lib/jvm/java-11-openjdk-amd64/lib/jli/libjli.so
7f4472c39000-7f4472c3a000 r--p 0000e000 09:02 25559047                   /usr/lib/jvm/java-11-openjdk-amd64/lib/jli/libjli.so
7f4472c3a000-7f4472c3b000 rw-p 0000f000 09:02 25559047                   /usr/lib/jvm/java-11-openjdk-amd64/lib/jli/libjli.so
7f4472c3b000-7f4472c64000 r-xp 00000000 09:02 28337062                   /lib/x86_64-linux-gnu/ld-2.27.so
7f4472d3c000-7f4472d40000 ---p 00000000 00:00 0 
7f4472d40000-7f4472e3f000 rw-p 00000000 00:00 0 
7f4472e47000-7f4472e4c000 rw-p 00000000 00:00 0 
7f4472e4c000-7f4472e58000 ---p 00000000 00:00 0 
7f4472e58000-7f4472e60000 rw-s 00000000 09:02 63313219                   /tmp/hsperfdata_chenaokun1990/84271
7f4472e60000-7f4472e61000 ---p 00000000 00:00 0 
7f4472e61000-7f4472e62000 r--p 00000000 00:00 0 
7f4472e62000-7f4472e64000 rw-p 00000000 00:00 0 
7f4472e64000-7f4472e65000 r--p 00029000 09:02 28337062                   /lib/x86_64-linux-gnu/ld-2.27.so
7f4472e65000-7f4472e66000 rw-p 0002a000 09:02 28337062                   /lib/x86_64-linux-gnu/ld-2.27.so
7f4472e66000-7f4472e67000 rw-p 00000000 00:00 0 
7ffed6669000-7ffed668a000 rw-p 00000000 00:00 0                          [stack]
7ffed67be000-7ffed67c1000 r--p 00000000 00:00 0                          [vvar]
7ffed67c1000-7ffed67c3000 r-xp 00000000 00:00 0                          [vdso]
ffffffffff600000-ffffffffff601000 r-xp 00000000 00:00 0                  [vsyscall]


VM Arguments:
jvm_args: -XX:+UseG1GC -XX:-OmitStackTraceInFastThrow -XX:+AlwaysPreTouch -XX:+UnlockExperimentalVMOptions -XX:+TrustFinalNonStaticFields -XX:+DisableExplicitGC -XX:MaxInlineLevel=15 -XX:-UseBiasedLocking -Djdk.nio.maxCachedBufferSize=262144 -Dio.netty.tryReflectionSetAccessible=true -Djdk.tls.ephemeralDHKeySize=2048 -Djdk.tls.rejectClientInitiatedRenegotiation=true -XX:FlightRecorderOptions=stackdepth=256 -XX:+UnlockDiagnosticVMOptions -XX:+DebugNonSafepoints -Dlog4j2.disable.jmx=true -Dfile.encoding=UTF-8 
java_command: org.neo4j.server.CommunityEntryPoint --home-dir=/data/datasets/hexing/2022_ec_standardization/neo4j/neo4j-community-4.4.8 --config-dir=/data/datasets/hexing/2022_ec_standardization/neo4j/neo4j-community-4.4.8/conf
java_class_path (initial): /data/datasets/hexing/2022_ec_standardization/neo4j/neo4j-community-4.4.8/plugins/neosemantics-4.4.0.1.jar:/data/datasets/hexing/2022_ec_standardization/neo4j/neo4j-community-4.4.8/plugins/apoc-4.4.0.5-core.jar:/data/datasets/hexing/2022_ec_standardization/neo4j/neo4j-community-4.4.8/conf/*:/data/datasets/hexing/2022_ec_standardization/neo4j/neo4j-community-4.4.8/lib/reactive-streams-1.0.3.jar:/data/datasets/hexing/2022_ec_standardization/neo4j/neo4j-community-4.4.8/lib/jersey-hk2-2.34.jar:/data/datasets/hexing/2022_ec_standardization/neo4j/neo4j-community-4.4.8/lib/netty-transport-4.1.75.Final.jar:/data/datasets/hexing/2022_ec_standardization/neo4j/neo4j-community-4.4.8/lib/neo4j-graphdb-api-4.4.8.jar:/data/datasets/hexing/2022_ec_standardization/neo4j/neo4j-community-4.4.8/lib/neo4j-consistency-check-4.4.8.jar:/data/datasets/hexing/2022_ec_standardization/neo4j/neo4j-community-4.4.8/lib/neo4j-import-tool-4.4.8.jar:/data/datasets/hexing/2022_ec_standardization/neo4j/neo4j-community-4.4.8/lib/jackson-module-jaxb-annotations-2.13.2.jar:/data/datasets/hexing/2022_ec_standardization/neo4j/neo4j-community-4.4.8/lib/ipaddress-5.3.3.jar:/data/datasets/hexing/2022_ec_standardization/neo4j/neo4j-community-4.4.8/lib/jakarta.annotation-api-1.3.5.jar:/data/datasets/hexing/2022_ec_standardization/neo4j/neo4j-community-4.4.8/lib/shiro-crypto-hash-1.8.0.jar:/data/datasets/hexing/2022_ec_standardization/neo4j/neo4j-community-4.4.8/lib/neo4j-procedure-api-4.4.8.jar:/data/datasets/hexing/2022_ec_standardization/neo4j/neo4j-community-4.4.8/lib/jakarta.activation-api-1.2.1.jar:/data/datasets/hexing/2022_ec_standardization/neo4j/neo4j-community-4.4.8/lib/javax.ws.rs-api-2.1.1.jar:/data/datasets/hexing/2022_ec_standardization/neo4j/neo4j-community-4.4.8/lib/netty-codec-http-4.1.75.Final.jar:/data/datasets/hexing/2022_ec_standardization/neo4j/neo4j-community-4.4.8/lib/neo4j-index-4.4.8.jar:/data/datasets/hexing/2022_ec_standardization/neo4j/neo4j-community-4.
Launcher Type: SUN_STANDARD

[Global flags]
     bool AlwaysPreTouch                           = true                                      {product} {command line}
     intx CICompilerCount                          = 18                                        {product} {ergonomic}
     uint ConcGCThreads                            = 16                                        {product} {ergonomic}
     bool DebugNonSafepoints                       = true                                   {diagnostic} {command line}
     bool DisableExplicitGC                        = true                                      {product} {command line}
    ccstr FlightRecorderOptions                    = stackdepth=256                            {product} {command line}
     uint G1ConcRefinementThreads                  = 63                                        {product} {ergonomic}
   size_t G1HeapRegionSize                         = 4194304                                   {product} {ergonomic}
    uintx GCDrainStackTargetSize                   = 64                                        {product} {ergonomic}
   size_t InitialHeapSize                          = 2147483648                                {product} {ergonomic}
   size_t MarkStackSize                            = 4194304                                   {product} {ergonomic}
   size_t MaxHeapSize                              = 32178700288                               {product} {ergonomic}
     intx MaxInlineLevel                           = 15                                        {product} {command line}
   size_t MinHeapDeltaBytes                        = 4194304                                   {product} {ergonomic}
    uintx NonNMethodCodeHeapSize                   = 8769992                                {pd product} {ergonomic}
    uintx NonProfiledCodeHeapSize                  = 121444124                              {pd product} {ergonomic}
     bool OmitStackTraceInFastThrow                = false                                     {product} {command line}
    uintx ProfiledCodeHeapSize                     = 121444124                              {pd product} {ergonomic}
    uintx ReservedCodeCacheSize                    = 251658240                              {pd product} {ergonomic}
     bool SegmentedCodeCache                       = true                                      {product} {ergonomic}
     bool TrustFinalNonStaticFields                = true                                 {experimental} {command line}
     bool UnlockDiagnosticVMOptions                = true                                   {diagnostic} {command line}
     bool UnlockExperimentalVMOptions              = true                                 {experimental} {command line}
     bool UseBiasedLocking                         = false                                     {product} {command line}
     bool UseCompressedClassPointers               = true                                 {lp64_product} {ergonomic}
     bool UseCompressedOops                        = true                                 {lp64_product} {ergonomic}
     bool UseG1GC                                  = true                                      {product} {command line}

Logging:
Log output configuration:
 #0: stdout all=warning uptime,level,tags
 #1: stderr all=off uptime,level,tags

Environment Variables:
PATH=/opt/conda/bin:/usr/local/cuda/bin:/data2/home/chenaokun1990/.vscode-server/bin/0ee08df0cf4527e40edc9aa28f4b5bd38bbff2b2/bin/remote-cli:/home/chenaokun1990/.conda/condabin:/data2/home/chenaokun1990/.pyenv/plugins/pyenv-virtualenv/shims:/home/chenaokun1990/.pyenv/bin:/usr/local/cuda/bin:/home/chenaokun1990/.conda/condabin:/data2/home/chenaokun1990/.pyenv/plugins/pyenv-virtualenv/shims:/home/chenaokun1990/.pyenv/bin:/opt/conda/condabin:/usr/local/sbin:/usr/local/bin:/usr/sbin:/usr/bin:/sbin:/bin:/usr/games:/usr/local/games:/snap/bin:/opt/puppetlabs/bin
LD_LIBRARY_PATH=/usr/local/lib:/usr/local/cuda/lib:/usr/local/cuda/lib64:/usr/local/lib:/usr/local/cuda/lib:/usr/local/cuda/lib64:
SHELL=/bin/bash
LANG=en_US.UTF-8
TERM=xterm-256color

Signal Handlers:
SIGSEGV: [libjvm.so+0xe356a0], sa_mask[0]=11111111011111111101111111111110, sa_flags=SA_RESTART|SA_SIGINFO
SIGBUS: [libjvm.so+0xe356a0], sa_mask[0]=11111111011111111101111111111110, sa_flags=SA_RESTART|SA_SIGINFO
SIGFPE: [libjvm.so+0xe356a0], sa_mask[0]=11111111011111111101111111111110, sa_flags=SA_RESTART|SA_SIGINFO
SIGPIPE: [libjvm.so+0xb89cc0], sa_mask[0]=11111111011111111101111111111110, sa_flags=SA_RESTART|SA_SIGINFO
SIGXFSZ: [libjvm.so+0xb89cc0], sa_mask[0]=11111111011111111101111111111110, sa_flags=SA_RESTART|SA_SIGINFO
SIGILL: [libjvm.so+0xe356a0], sa_mask[0]=11111111011111111101111111111110, sa_flags=SA_RESTART|SA_SIGINFO
SIGUSR2: [libjvm.so+0xb89b50], sa_mask[0]=00100000000000000000000000000000, sa_flags=SA_RESTART|SA_SIGINFO
SIGHUP: SIG_DFL, sa_mask[0]=00000000000000000000000000000000, sa_flags=none
SIGINT: SIG_DFL, sa_mask[0]=00000000000000000000000000000000, sa_flags=none
SIGTERM: SIG_DFL, sa_mask[0]=00000000000000000000000000000000, sa_flags=none
SIGQUIT: SIG_DFL, sa_mask[0]=00000000000000000000000000000000, sa_flags=none


---------------  S Y S T E M  ---------------

OS:DISTRIB_ID=Ubuntu
DISTRIB_RELEASE=18.04
DISTRIB_CODENAME=bionic
DISTRIB_DESCRIPTION="Ubuntu 18.04.6 LTS"
uname:Linux 4.15.0-213-generic #224-Ubuntu SMP Mon Jun 19 13:30:12 UTC 2023 x86_64
OS uptime: 51 days 6:25 hours
libc:glibc 2.27 NPTL 2.27 
rlimit (soft/hard): STACK 8192k/infinity , CORE 0k/infinity , NPROC 4126804/4126804 , NOFILE 1048576/1048576 , AS infinity/infinity , CPU infinity/infinity , DATA infinity/infinity , FSIZE infinity/infinity , MEMLOCK 65536k/65536k
load average:50.89 43.67 41.38

/proc/meminfo:
MemTotal:       1056512008 kB
MemFree:         2106804 kB
MemAvailable:          0 kB
Buffers:         1577044 kB
Cached:           235344 kB
SwapCached:         2436 kB
Active:         1029012324 kB
Inactive:       15763760 kB
Active(anon):   1028151036 kB
Inactive(anon): 14852780 kB
Active(file):     861288 kB
Inactive(file):   910980 kB
Unevictable:           0 kB
Mlocked:               0 kB
SwapTotal:      114614264 kB
SwapFree:              0 kB
Dirty:                 0 kB
Writeback:           228 kB
AnonPages:      1042973756 kB
Mapped:           333784 kB
Shmem:             28696 kB
Slab:            2919464 kB
SReclaimable:    1246576 kB
SUnreclaim:      1672888 kB
KernelStack:      423104 kB
PageTables:      2879752 kB
NFS_Unstable:          0 kB
Bounce:                0 kB
WritebackTmp:          0 kB
CommitLimit:    642870268 kB
Committed_AS:   1288640544 kB
VmallocTotal:   34359738367 kB
VmallocUsed:           0 kB
VmallocChunk:          0 kB
HardwareCorrupted:     0 kB
AnonHugePages:  12017664 kB
ShmemHugePages:        0 kB
ShmemPmdMapped:        0 kB
CmaTotal:              0 kB
CmaFree:               0 kB
HugePages_Total:       0
HugePages_Free:        0
HugePages_Rsvd:        0
HugePages_Surp:        0
Hugepagesize:       2048 kB
DirectMap4k:    570323960 kB
DirectMap2M:    487342080 kB
DirectMap1G:    17825792 kB

/sys/kernel/mm/transparent_hugepage/enabled:
always [madvise] never
/sys/kernel/mm/transparent_hugepage/defrag (defrag/compaction efforts parameter):
always defer defer+madvise [madvise] never

Process Memory:
Virtual Size: 31389892K (peak: 33483204K)
Resident Set Size: 34704K (peak: 36476K) (anon: 28712K, file: 5992K, shmem: 0K)
Swapped out: 0K
C-Heap outstanding allocations: 136249K, retained: 550K
glibc malloc tunables: (default)

/proc/sys/kernel/threads-max (system-wide limit on the number of threads):
8253608
/proc/sys/vm/max_map_count (maximum number of memory map areas a process may have):
65530
/proc/sys/kernel/pid_max (system-wide limit on number of process identifiers):
98304

container (cgroup) information:
container_type: cgroupv1
cpu_cpuset_cpus: 0-95
cpu_memory_nodes: 0-1
active_processor_count: 96
cpu_quota: no quota
cpu_period: 100000
cpu_shares: no shares
memory_limit_in_bytes: unlimited
memory_and_swap_limit_in_bytes: not supported
memory_soft_limit_in_bytes: unlimited
memory_usage_in_bytes: 1048732520 k
memory_max_usage_in_bytes: 1049612160 k
kernel_memory_usage_in_bytes: 4253048 k
kernel_memory_max_usage_in_bytes: unlimited
kernel_memory_limit_in_bytes: 518361892 k
maximum number of tasks: unlimited
current number of tasks: 128

Steal ticks since vm start: 0
Steal ticks percentage since vm start:  0.000

CPU:total 96 (initial active 96) (24 cores per cpu, 2 threads per core) family 6 model 85 stepping 7 microcode 0x5003303, cmov, cx8, fxsr, mmx, sse, sse2, sse3, ssse3, sse4.1, sse4.2, popcnt, avx, avx2, aes, clmul, erms, 3dnowpref, lzcnt, ht, tsc, tscinvbit, bmi1, bmi2, adx, evex, fma
CPU Model and flags from /proc/cpuinfo:
model name	: Intel(R) Xeon(R) Gold 6248R CPU @ 3.00GHz
flags		: fpu vme de pse tsc msr pae mce cx8 apic sep mtrr pge mca cmov pat pse36 clflush dts acpi mmx fxsr sse sse2 ss ht tm pbe syscall nx pdpe1gb rdtscp lm constant_tsc art arch_perfmon pebs bts rep_good nopl xtopology nonstop_tsc cpuid aperfmperf pni pclmulqdq dtes64 monitor ds_cpl vmx smx est tm2 ssse3 sdbg fma cx16 xtpr pdcm pcid dca sse4_1 sse4_2 x2apic movbe popcnt tsc_deadline_timer aes xsave avx f16c rdrand lahf_lm abm 3dnowprefetch cpuid_fault epb cat_l3 cdp_l3 invpcid_single intel_ppin ssbd mba ibrs ibpb stibp ibrs_enhanced tpr_shadow vnmi flexpriority ept vpid fsgsbase tsc_adjust bmi1 avx2 smep bmi2 erms invpcid cqm mpx rdt_a avx512f avx512dq rdseed adx smap clflushopt clwb intel_pt avx512cd avx512bw avx512vl xsaveopt xsavec xgetbv1 xsaves cqm_llc cqm_occup_llc cqm_mbm_total cqm_mbm_local dtherm ida arat pln pts pku ospke avx512_vnni md_clear flush_l1d arch_capabilities
Online cpus:
0-95
Offline cpus:

BIOS frequency limitation:
3001000
Frequency switch latency (ns):
10000
Available cpu frequencies:
3001000 3000000 2900000 2700000 2600000 2500000 2400000 2200000 2100000 2000000 1800000 1700000 1600000 1500000 1300000 1200000 
Current governor:
ondemand
Core performance/turbo boost:
1

Memory: 4k page, physical 1056512008k(2102044k free), swap 114614264k(0k free)

vm_info: OpenJDK 64-Bit Server VM (11.0.19+7-post-Ubuntu-0ubuntu118.04.1) for linux-amd64 JRE (11.0.19+7-post-Ubuntu-0ubuntu118.04.1), built on May 10 2023 00:54:54 by "unknown" with gcc 8.4.0

END.
